[2022-10-28 11:33:09 : INFO] - Re_Smush_It_Task server status: Online 
[2022-10-28 11:33:10 : INFO] - 
 
[2022-10-28 11:33:10 : INFO] - Header for logs at time:  Fri, 28 Oct 2022 11:33:10 +0000 on http://localhost/Tradedoubter-PVN 
[2022-10-28 11:33:10 : INFO] - WP: 6.0.3 
[2022-10-28 11:33:10 : INFO] - PHP: 8.1.6 (apache2handler, Windows NT DESKTOP-7279D7O 10.0 build 19044 (Windows 10) AMD64) 
[2022-10-28 11:33:10 : INFO] - MySQL: 10.4.24 
[2022-10-28 11:33:10 : INFO] - WPLANG: en_US 
[2022-10-28 11:33:10 : INFO] - Server: Apache/2.4.53 (Win64) OpenSSL/1.1.1n PHP/8.1.6 
[2022-10-28 11:33:10 : INFO] - Outbound connections: N 
[2022-10-28 11:33:10 : INFO] - safe_mode: 0 
[2022-10-28 11:33:10 : INFO] - max_execution_time: 300 
[2022-10-28 11:33:10 : INFO] - memory_limit: 2048M (used: 45.9M | 48M) 
[2022-10-28 11:33:10 : INFO] - multisite: N 
[2022-10-28 11:33:10 : INFO] - openssl: OpenSSL 1.1.1n  15 Mar 2022 
[2022-10-28 11:33:12 : INFO] - A total of 35 tasks of type smush found and will be processed in this iteration 
[2022-10-28 11:33:12 : DEBUG] - Lock option (updraft_lock_smush, wp_options) was created in the database 
[2022-10-28 11:33:12 : INFO] - Lock (updraft_lock_smush, wp_options) acquired after initialising the database 
[2022-10-28 11:33:12 : INFO] - Processing task with ID : 1, and type 'smush' 
[2022-10-28 11:33:12 : INFO] - Task with ID 1 and type (smush) failed with error code invalid_file_type - C:\xampp\htdocs\Tradedoubter-PVN/wp-content/uploads/2022/09/instagram.svg - cannot be optimized, it has an invalid file type 
[2022-10-28 11:33:12 : INFO] - Processing task with ID : 2, and type 'smush' 
[2022-10-28 11:33:12 : INFO] - Task with ID 2 and type (smush) failed with error code invalid_file_type - C:\xampp\htdocs\Tradedoubter-PVN/wp-content/uploads/2022/09/twitter.svg - cannot be optimized, it has an invalid file type 
[2022-10-28 11:33:12 : INFO] - Processing task with ID : 3, and type 'smush' 
[2022-10-28 11:33:12 : INFO] - Task with ID 3 and type (smush) failed with error code invalid_file_type - C:\xampp\htdocs\Tradedoubter-PVN/wp-content/uploads/2022/09/linkedin-in.svg - cannot be optimized, it has an invalid file type 
[2022-10-28 11:33:12 : INFO] - Processing task with ID : 4, and type 'smush' 
[2022-10-28 11:33:12 : INFO] - Task with ID 4 and type (smush) failed with error code invalid_file_type - C:\xampp\htdocs\Tradedoubter-PVN/wp-content/uploads/2022/09/facebook-f.svg - cannot be optimized, it has an invalid file type 
[2022-10-28 11:33:12 : INFO] - Processing task with ID : 5, and type 'smush' 
[2022-10-28 11:33:12 : INFO] - Re_Smush_It_Task - Attachment ID : 409, Started on : October 28, 2022 11:33:11 
[2022-10-28 11:33:12 : INFO] - There were no WebP conversion tools found on your server. 
[2022-10-28 11:33:12 : INFO] - 75 
[2022-10-28 11:33:12 : INFO] - Backing up the original image - 2022/09/facebook-updraft-pre-smush-original.png 
[2022-10-28 11:33:12 : INFO] - Successfully optimized the image - C:\xampp\htdocs\Tradedoubter-PVN/wp-content/uploads/2022/09/facebook.png.The file was compressed from 2.12 KB to 1.53 KB saving 27.95 percent using WP-Optimize 
[2022-10-28 11:33:12 : INFO] - Completed processing task with ID : 5, and type 'smush' 
[2022-10-28 11:33:12 : INFO] - Processing task with ID : 6, and type 'smush' 
[2022-10-28 11:33:12 : INFO] - Re_Smush_It_Task - Attachment ID : 410, Started on : October 28, 2022 11:33:11 
[2022-10-28 11:33:12 : INFO] - There were no WebP conversion tools found on your server. 
[2022-10-28 11:33:12 : INFO] - 75 
[2022-10-28 11:33:13 : INFO] - Backing up the original image - 2022/09/linkedin-updraft-pre-smush-original.png 
[2022-10-28 11:33:13 : INFO] - Successfully optimized the image - C:\xampp\htdocs\Tradedoubter-PVN/wp-content/uploads/2022/09/linkedin.png.The file was compressed from 3.66 KB to 2.33 KB saving 36.24 percent using WP-Optimize 
[2022-10-28 11:33:13 : INFO] - Completed processing task with ID : 6, and type 'smush' 
[2022-10-28 11:33:13 : INFO] - Processing task with ID : 7, and type 'smush' 
[2022-10-28 11:33:13 : INFO] - Re_Smush_It_Task - Attachment ID : 412, Started on : October 28, 2022 11:33:11 
[2022-10-28 11:33:13 : INFO] - There were no WebP conversion tools found on your server. 
[2022-10-28 11:33:13 : INFO] - 75 
[2022-10-28 11:33:13 : INFO] - Backing up the original image - 2022/09/twitter-1-updraft-pre-smush-original.png 
[2022-10-28 11:33:13 : INFO] - Successfully optimized the image - C:\xampp\htdocs\Tradedoubter-PVN/wp-content/uploads/2022/09/twitter-1.png.The file was compressed from 5.92 KB to 3.34 KB saving 43.56 percent using WP-Optimize 
[2022-10-28 11:33:13 : INFO] - Completed processing task with ID : 7, and type 'smush' 
[2022-10-28 11:33:13 : INFO] - Processing task with ID : 8, and type 'smush' 
[2022-10-28 11:33:13 : INFO] - Re_Smush_It_Task - Attachment ID : 413, Started on : October 28, 2022 11:33:11 
[2022-10-28 11:33:13 : INFO] - There were no WebP conversion tools found on your server. 
[2022-10-28 11:33:13 : INFO] - 75 
[2022-10-28 11:33:14 : INFO] - Backing up the original image - 2022/09/instagram-1-updraft-pre-smush-original.png 
[2022-10-28 11:33:14 : INFO] - Successfully optimized the image - C:\xampp\htdocs\Tradedoubter-PVN/wp-content/uploads/2022/09/instagram-1.png.The file was compressed from 7.37 KB to 4.58 KB saving 37.8 percent using WP-Optimize 
[2022-10-28 11:33:14 : INFO] - Completed processing task with ID : 8, and type 'smush' 
[2022-10-28 11:33:14 : INFO] - Processing task with ID : 9, and type 'smush' 
[2022-10-28 11:33:14 : INFO] - Re_Smush_It_Task - Attachment ID : 583, Started on : October 28, 2022 11:33:11 
[2022-10-28 11:33:14 : INFO] - There were no WebP conversion tools found on your server. 
[2022-10-28 11:33:14 : INFO] - 75 
[2022-10-28 11:33:15 : INFO] - Backing up the original image - 2022/09/Features_Manage-Payments-updraft-pre-smush-original.png 
[2022-10-28 11:33:15 : INFO] - Successfully optimized the image - C:\xampp\htdocs\Tradedoubter-PVN/wp-content/uploads/2022/09/Features_Manage-Payments.png.The file was compressed from 55.54 KB to 21.40 KB saving 61.47 percent using WP-Optimize 
[2022-10-28 11:33:15 : INFO] - Completed processing task with ID : 9, and type 'smush' 
[2022-10-28 11:33:15 : INFO] - Processing task with ID : 10, and type 'smush' 
[2022-10-28 11:33:15 : INFO] - Re_Smush_It_Task - Attachment ID : 584, Started on : October 28, 2022 11:33:11 
[2022-10-28 11:33:15 : INFO] - There were no WebP conversion tools found on your server. 
[2022-10-28 11:33:15 : INFO] - 75 
[2022-10-28 11:33:15 : INFO] - Backing up the original image - 2022/09/Feature_Branded-Platform-updraft-pre-smush-original.png 
[2022-10-28 11:33:15 : INFO] - Successfully optimized the image - C:\xampp\htdocs\Tradedoubter-PVN/wp-content/uploads/2022/09/Feature_Branded-Platform.png.The file was compressed from 72.47 KB to 24.12 KB saving 66.71 percent using WP-Optimize 
[2022-10-28 11:33:15 : INFO] - Completed processing task with ID : 10, and type 'smush' 
[2022-10-28 11:33:15 : INFO] - Processing task with ID : 11, and type 'smush' 
[2022-10-28 11:33:15 : INFO] - Re_Smush_It_Task - Attachment ID : 585, Started on : October 28, 2022 11:33:11 
[2022-10-28 11:33:15 : INFO] - There were no WebP conversion tools found on your server. 
[2022-10-28 11:33:15 : INFO] - 75 
[2022-10-28 11:33:16 : INFO] - Backing up the original image - 2022/09/Feature_Manage-Advertisers-updraft-pre-smush-original.png 
[2022-10-28 11:33:16 : INFO] - Successfully optimized the image - C:\xampp\htdocs\Tradedoubter-PVN/wp-content/uploads/2022/09/Feature_Manage-Advertisers.png.The file was compressed from 93.50 KB to 30.77 KB saving 67.09 percent using WP-Optimize 
[2022-10-28 11:33:16 : INFO] - Completed processing task with ID : 11, and type 'smush' 
[2022-10-28 11:33:16 : INFO] - Processing task with ID : 12, and type 'smush' 
[2022-10-28 11:33:16 : INFO] - Re_Smush_It_Task - Attachment ID : 586, Started on : October 28, 2022 11:33:11 
[2022-10-28 11:33:16 : INFO] - There were no WebP conversion tools found on your server. 
[2022-10-28 11:33:16 : INFO] - 75 
[2022-10-28 11:33:17 : INFO] - Backing up the original image - 2022/09/Feature_Manage-Payments-updraft-pre-smush-original.png 
[2022-10-28 11:33:17 : INFO] - Successfully optimized the image - C:\xampp\htdocs\Tradedoubter-PVN/wp-content/uploads/2022/09/Feature_Manage-Payments.png.The file was compressed from 50.46 KB to 17.22 KB saving 65.87 percent using WP-Optimize 
[2022-10-28 11:33:17 : INFO] - Completed processing task with ID : 12, and type 'smush' 
[2022-10-28 11:33:17 : INFO] - Processing task with ID : 13, and type 'smush' 
[2022-10-28 11:33:17 : INFO] - Re_Smush_It_Task - Attachment ID : 587, Started on : October 28, 2022 11:33:11 
[2022-10-28 11:33:17 : INFO] - There were no WebP conversion tools found on your server. 
[2022-10-28 11:33:17 : INFO] - 75 
[2022-10-28 11:33:18 : INFO] - Backing up the original image - 2022/09/Feature_Manage-Publishers-updraft-pre-smush-original.png 
[2022-10-28 11:33:18 : INFO] - Successfully optimized the image - C:\xampp\htdocs\Tradedoubter-PVN/wp-content/uploads/2022/09/Feature_Manage-Publishers.png.The file was compressed from 77.05 KB to 25.62 KB saving 66.75 percent using WP-Optimize 
[2022-10-28 11:33:18 : INFO] - Completed processing task with ID : 13, and type 'smush' 
[2022-10-28 11:33:18 : INFO] - Processing task with ID : 14, and type 'smush' 
[2022-10-28 11:33:18 : INFO] - Re_Smush_It_Task - Attachment ID : 588, Started on : October 28, 2022 11:33:11 
[2022-10-28 11:33:18 : INFO] - There were no WebP conversion tools found on your server. 
[2022-10-28 11:33:18 : INFO] - 75 
[2022-10-28 11:33:19 : INFO] - Backing up the original image - 2022/09/Feature_Reporting-updraft-pre-smush-original.png 
[2022-10-28 11:33:19 : INFO] - Successfully optimized the image - C:\xampp\htdocs\Tradedoubter-PVN/wp-content/uploads/2022/09/Feature_Reporting.png.The file was compressed from 66.31 KB to 22.70 KB saving 65.77 percent using WP-Optimize 
[2022-10-28 11:33:19 : INFO] - Completed processing task with ID : 14, and type 'smush' 
[2022-10-28 11:33:19 : INFO] - Processing task with ID : 15, and type 'smush' 
[2022-10-28 11:33:19 : INFO] - Task with ID 15 and type (smush) failed with error code invalid_file_type - C:\xampp\htdocs\Tradedoubter-PVN/wp-content/uploads/2022/09/publishers.svg - cannot be optimized, it has an invalid file type 
[2022-10-28 11:33:19 : INFO] - Processing task with ID : 16, and type 'smush' 
[2022-10-28 11:33:19 : INFO] - Task with ID 16 and type (smush) failed with error code invalid_file_type - C:\xampp\htdocs\Tradedoubter-PVN/wp-content/uploads/2022/09/advertiser.svg - cannot be optimized, it has an invalid file type 
[2022-10-28 11:33:19 : INFO] - Processing task with ID : 17, and type 'smush' 
[2022-10-28 11:33:19 : INFO] - Task with ID 17 and type (smush) failed with error code invalid_file_type - C:\xampp\htdocs\Tradedoubter-PVN/wp-content/uploads/2022/09/agencies.svg - cannot be optimized, it has an invalid file type 
[2022-10-28 11:33:19 : INFO] - Processing task with ID : 18, and type 'smush' 
[2022-10-28 11:33:19 : INFO] - Task with ID 18 and type (smush) failed with error code invalid_file_type - C:\xampp\htdocs\Tradedoubter-PVN/wp-content/uploads/2022/09/about-us2.svg - cannot be optimized, it has an invalid file type 
[2022-10-28 11:33:19 : INFO] - Processing task with ID : 19, and type 'smush' 
[2022-10-28 11:33:19 : INFO] - Task with ID 19 and type (smush) failed with error code invalid_file_type - C:\xampp\htdocs\Tradedoubter-PVN/wp-content/uploads/2022/09/about-us1.svg - cannot be optimized, it has an invalid file type 
[2022-10-28 11:33:19 : INFO] - Processing task with ID : 20, and type 'smush' 
[2022-10-28 11:33:19 : INFO] - Task with ID 20 and type (smush) failed with error code invalid_file_type - C:\xampp\htdocs\Tradedoubter-PVN/wp-content/uploads/2022/09/chart.svg - cannot be optimized, it has an invalid file type 
[2022-10-28 11:33:19 : INFO] - Processing task with ID : 21, and type 'smush' 
[2022-10-28 11:33:19 : INFO] - Task with ID 21 and type (smush) failed with error code invalid_file_type - C:\xampp\htdocs\Tradedoubter-PVN/wp-content/uploads/2022/09/noads.svg - cannot be optimized, it has an invalid file type 
[2022-10-28 11:33:19 : INFO] - Processing task with ID : 22, and type 'smush' 
[2022-10-28 11:33:19 : INFO] - Task with ID 22 and type (smush) failed with error code invalid_file_type - C:\xampp\htdocs\Tradedoubter-PVN/wp-content/uploads/2022/09/computer.svg - cannot be optimized, it has an invalid file type 
[2022-10-28 11:33:19 : INFO] - Processing task with ID : 23, and type 'smush' 
[2022-10-28 11:33:19 : INFO] - Task with ID 23 and type (smush) failed with error code invalid_file_type - C:\xampp\htdocs\Tradedoubter-PVN/wp-content/uploads/2022/09/clock.svg - cannot be optimized, it has an invalid file type 
[2022-10-28 11:33:19 : INFO] - Processing task with ID : 24, and type 'smush' 
[2022-10-28 11:33:19 : INFO] - Re_Smush_It_Task - Attachment ID : 728, Started on : October 28, 2022 11:33:11 
[2022-10-28 11:33:19 : INFO] - There were no WebP conversion tools found on your server. 
[2022-10-28 11:33:19 : INFO] - 75 
[2022-10-28 11:33:19 : INFO] - Backing up the original image - 2022/09/logo-updraft-pre-smush-original.png 
[2022-10-28 11:33:19 : INFO] - Successfully optimized the image - C:\xampp\htdocs\Tradedoubter-PVN/wp-content/uploads/2022/09/logo.png.The file was compressed from 3.96 KB to 2.06 KB saving 48.05 percent using WP-Optimize 
[2022-10-28 11:33:19 : INFO] - Completed processing task with ID : 24, and type 'smush' 
[2022-10-28 11:33:19 : INFO] - Processing task with ID : 25, and type 'smush' 
[2022-10-28 11:33:19 : INFO] - Task with ID 25 and type (smush) failed with error code invalid_file_type - C:\xampp\htdocs\Tradedoubter-PVN/wp-content/uploads/2022/09/check.svg - cannot be optimized, it has an invalid file type 
[2022-10-28 11:33:19 : INFO] - Processing task with ID : 26, and type 'smush' 
[2022-10-28 11:33:19 : INFO] - Task with ID 26 and type (smush) failed with error code invalid_file_type - C:\xampp\htdocs\Tradedoubter-PVN/wp-content/uploads/2022/09/Logo_Publicis-Media.svg - cannot be optimized, it has an invalid file type 
[2022-10-28 11:33:19 : INFO] - Processing task with ID : 27, and type 'smush' 
[2022-10-28 11:33:19 : INFO] - Task with ID 27 and type (smush) failed with error code invalid_file_type - C:\xampp\htdocs\Tradedoubter-PVN/wp-content/uploads/2022/09/Empik.svg - cannot be optimized, it has an invalid file type 
[2022-10-28 11:33:19 : INFO] - Processing task with ID : 28, and type 'smush' 
[2022-10-28 11:33:19 : INFO] - Re_Smush_It_Task - Attachment ID : 878, Started on : October 28, 2022 11:33:11 
[2022-10-28 11:33:19 : INFO] - There were no WebP conversion tools found on your server. 
[2022-10-28 11:33:19 : INFO] - 75 
[2022-10-28 11:33:21 : INFO] - Backing up the original image - 2022/09/Dashboard1-2-updraft-pre-smush-original.png 
[2022-10-28 11:33:21 : INFO] - Successfully optimized the image - C:\xampp\htdocs\Tradedoubter-PVN/wp-content/uploads/2022/09/Dashboard1-2.png.The file was compressed from 193.45 KB to 67.42 KB saving 65.15 percent using WP-Optimize 
[2022-10-28 11:33:21 : INFO] - Completed processing task with ID : 28, and type 'smush' 
[2022-10-28 11:33:21 : INFO] - Processing task with ID : 29, and type 'smush' 
[2022-10-28 11:33:21 : INFO] - Task with ID 29 and type (smush) failed with error code invalid_file_type - C:\xampp\htdocs\Tradedoubter-PVN/wp-content/uploads/2022/09/laptop.svg - cannot be optimized, it has an invalid file type 
[2022-10-28 11:33:21 : INFO] - Processing task with ID : 30, and type 'smush' 
[2022-10-28 11:33:21 : INFO] - Re_Smush_It_Task - Attachment ID : 1047, Started on : October 28, 2022 11:33:11 
[2022-10-28 11:33:21 : INFO] - There were no WebP conversion tools found on your server. 
[2022-10-28 11:33:21 : INFO] - 75 
[2022-10-28 11:33:22 : INFO] - Backing up the original image - 2022/10/news1-updraft-pre-smush-original.png 
[2022-10-28 11:33:22 : INFO] - Successfully optimized the image - C:\xampp\htdocs\Tradedoubter-PVN/wp-content/uploads/2022/10/news1.png.The file was compressed from 225.58 KB to 81.24 KB saving 63.99 percent using WP-Optimize 
[2022-10-28 11:33:22 : INFO] - Completed processing task with ID : 30, and type 'smush' 
[2022-10-28 11:33:22 : INFO] - Processing task with ID : 31, and type 'smush' 
[2022-10-28 11:33:22 : INFO] - Re_Smush_It_Task - Attachment ID : 1048, Started on : October 28, 2022 11:33:12 
[2022-10-28 11:33:22 : INFO] - There were no WebP conversion tools found on your server. 
[2022-10-28 11:33:22 : INFO] - 75 
[2022-10-28 11:33:23 : INFO] - Backing up the original image - 2022/10/news2-updraft-pre-smush-original.png 
[2022-10-28 11:33:23 : INFO] - Successfully optimized the image - C:\xampp\htdocs\Tradedoubter-PVN/wp-content/uploads/2022/10/news2.png.The file was compressed from 211.72 KB to 70.26 KB saving 66.81 percent using WP-Optimize 
[2022-10-28 11:33:23 : INFO] - Completed processing task with ID : 31, and type 'smush' 
[2022-10-28 11:33:23 : INFO] - Processing task with ID : 32, and type 'smush' 
[2022-10-28 11:33:23 : INFO] - Re_Smush_It_Task - Attachment ID : 1049, Started on : October 28, 2022 11:33:12 
[2022-10-28 11:33:23 : INFO] - There were no WebP conversion tools found on your server. 
[2022-10-28 11:33:23 : INFO] - 75 
[2022-10-28 11:33:25 : INFO] - Backing up the original image - 2022/10/news3-updraft-pre-smush-original.png 
[2022-10-28 11:33:25 : INFO] - Successfully optimized the image - C:\xampp\htdocs\Tradedoubter-PVN/wp-content/uploads/2022/10/news3.png.The file was compressed from 267.38 KB to 77.08 KB saving 71.17 percent using WP-Optimize 
[2022-10-28 11:33:25 : INFO] - Completed processing task with ID : 32, and type 'smush' 
[2022-10-28 11:33:25 : INFO] - Processing task with ID : 33, and type 'smush' 
[2022-10-28 11:33:25 : INFO] - Re_Smush_It_Task - Attachment ID : 1050, Started on : October 28, 2022 11:33:12 
[2022-10-28 11:33:25 : INFO] - There were no WebP conversion tools found on your server. 
[2022-10-28 11:33:25 : INFO] - 75 
[2022-10-28 11:33:27 : INFO] - Backing up the original image - 2022/10/news4-updraft-pre-smush-original.png 
[2022-10-28 11:33:27 : INFO] - Successfully optimized the image - C:\xampp\htdocs\Tradedoubter-PVN/wp-content/uploads/2022/10/news4.png.The file was compressed from 263.37 KB to 88.26 KB saving 66.49 percent using WP-Optimize 
[2022-10-28 11:33:27 : INFO] - Completed processing task with ID : 33, and type 'smush' 
[2022-10-28 11:33:27 : INFO] - Processing task with ID : 34, and type 'smush' 
[2022-10-28 11:33:27 : INFO] - Re_Smush_It_Task - Attachment ID : 1051, Started on : October 28, 2022 11:33:12 
[2022-10-28 11:33:27 : INFO] - There were no WebP conversion tools found on your server. 
[2022-10-28 11:33:27 : INFO] - 75 
[2022-10-28 11:33:28 : INFO] - Backing up the original image - 2022/10/news5-updraft-pre-smush-original.png 
[2022-10-28 11:33:28 : INFO] - Successfully optimized the image - C:\xampp\htdocs\Tradedoubter-PVN/wp-content/uploads/2022/10/news5.png.The file was compressed from 292.34 KB to 93.27 KB saving 68.09 percent using WP-Optimize 
[2022-10-28 11:33:28 : INFO] - Completed processing task with ID : 34, and type 'smush' 
[2022-10-28 11:33:28 : INFO] - Processing task with ID : 35, and type 'smush' 
[2022-10-28 11:33:28 : INFO] - Re_Smush_It_Task - Attachment ID : 1052, Started on : October 28, 2022 11:33:12 
[2022-10-28 11:33:28 : INFO] - There were no WebP conversion tools found on your server. 
[2022-10-28 11:33:28 : INFO] - 75 
[2022-10-28 11:33:29 : INFO] - Backing up the original image - 2022/10/news6-updraft-pre-smush-original.png 
[2022-10-28 11:33:29 : INFO] - Successfully optimized the image - C:\xampp\htdocs\Tradedoubter-PVN/wp-content/uploads/2022/10/news6.png.The file was compressed from 138.20 KB to 50.74 KB saving 63.29 percent using WP-Optimize 
[2022-10-28 11:33:29 : INFO] - Completed processing task with ID : 35, and type 'smush' 
[2022-10-28 11:33:29 : INFO] - Lock option (updraft_lock_smush, wp_options) released 
[2022-10-28 11:33:29 : INFO] - Successfully processed the queue (smush). 35 tasks were processed out of 35. 
[2022-10-28 11:33:29 : INFO] - Lock option (updraft_lock_smush, wp_options) was deleted from the database 
[2022-10-28 11:33:29 : INFO] - Cleaning up tasks of type (smush). A total of 35 tasks will be deleted. 
