Dec 05 2022 12:37:40
{"type":8192,"message":"Return type of ActionScheduler_DateTime::getTimestamp() should either be compatible with DateTime::getTimestamp(): int, or the #[\\ReturnTypeWillChange] attribute should be used to temporarily suppress the notice","file":"C:\\xampp\\htdocs\\Tradedoubter-PVN\\wp-content\\plugins\\wp-mail-smtp\\vendor\\woocommerce\\action-scheduler\\classes\\ActionScheduler_DateTime.php","line":27}

Dec 05 2022 12:37:40
{"type":8192,"message":"Return type of Requests_Utility_CaseInsensitiveDictionary::getIterator() should either be compatible with IteratorAggregate::getIterator(): Traversable, or the #[\\ReturnTypeWillChange] attribute should be used to temporarily suppress the notice","file":"C:\\xampp\\htdocs\\Tradedoubter-PVN\\wp-includes\\Requests\\Utility\\CaseInsensitiveDictionary.php","line":91}

Dec 05 2022 12:37:53
{"Number":8192,"Message":"DateTime::__construct(): Passing null to parameter #1 ($datetime) of type string is deprecated","File":"C:\\xampp\\htdocs\\Tradedoubter-PVN\\wp-content\\plugins\\wp-mail-smtp\\vendor\\woocommerce\\action-scheduler\\functions.php","Line":272}

Dec 05 2022 12:37:53
{"type":8192,"message":"Return type of ActionScheduler_DateTime::getTimestamp() should either be compatible with DateTime::getTimestamp(): int, or the #[\\ReturnTypeWillChange] attribute should be used to temporarily suppress the notice","file":"C:\\xampp\\htdocs\\Tradedoubter-PVN\\wp-content\\plugins\\wp-mail-smtp\\vendor\\woocommerce\\action-scheduler\\classes\\ActionScheduler_DateTime.php","line":27}

Dec 05 2022 12:37:54
{"type":8192,"message":"Return type of ActionScheduler_DateTime::getTimestamp() should either be compatible with DateTime::getTimestamp(): int, or the #[\\ReturnTypeWillChange] attribute should be used to temporarily suppress the notice","file":"C:\\xampp\\htdocs\\Tradedoubter-PVN\\wp-content\\plugins\\wp-mail-smtp\\vendor\\woocommerce\\action-scheduler\\classes\\ActionScheduler_DateTime.php","line":27}

Dec 05 2022 12:37:55
{"type":8192,"message":"Return type of ActionScheduler_DateTime::getTimestamp() should either be compatible with DateTime::getTimestamp(): int, or the #[\\ReturnTypeWillChange] attribute should be used to temporarily suppress the notice","file":"C:\\xampp\\htdocs\\Tradedoubter-PVN\\wp-content\\plugins\\wp-mail-smtp\\vendor\\woocommerce\\action-scheduler\\classes\\ActionScheduler_DateTime.php","line":27}

Dec 05 2022 12:37:56
{"type":8192,"message":"Return type of ActionScheduler_DateTime::getTimestamp() should either be compatible with DateTime::getTimestamp(): int, or the #[\\ReturnTypeWillChange] attribute should be used to temporarily suppress the notice","file":"C:\\xampp\\htdocs\\Tradedoubter-PVN\\wp-content\\plugins\\wp-mail-smtp\\vendor\\woocommerce\\action-scheduler\\classes\\ActionScheduler_DateTime.php","line":27}

Dec 05 2022 12:37:56
{"type":8192,"message":"Return type of ActionScheduler_DateTime::getTimestamp() should either be compatible with DateTime::getTimestamp(): int, or the #[\\ReturnTypeWillChange] attribute should be used to temporarily suppress the notice","file":"C:\\xampp\\htdocs\\Tradedoubter-PVN\\wp-content\\plugins\\wp-mail-smtp\\vendor\\woocommerce\\action-scheduler\\classes\\ActionScheduler_DateTime.php","line":27}

Dec 05 2022 12:37:57
{"type":8192,"message":"Return type of ActionScheduler_DateTime::getTimestamp() should either be compatible with DateTime::getTimestamp(): int, or the #[\\ReturnTypeWillChange] attribute should be used to temporarily suppress the notice","file":"C:\\xampp\\htdocs\\Tradedoubter-PVN\\wp-content\\plugins\\wp-mail-smtp\\vendor\\woocommerce\\action-scheduler\\classes\\ActionScheduler_DateTime.php","line":27}

Dec 05 2022 12:37:58
{"type":8192,"message":"Return type of ActionScheduler_DateTime::getTimestamp() should either be compatible with DateTime::getTimestamp(): int, or the #[\\ReturnTypeWillChange] attribute should be used to temporarily suppress the notice","file":"C:\\xampp\\htdocs\\Tradedoubter-PVN\\wp-content\\plugins\\wp-mail-smtp\\vendor\\woocommerce\\action-scheduler\\classes\\ActionScheduler_DateTime.php","line":27}

Dec 05 2022 12:37:58
{"type":8192,"message":"Return type of ActionScheduler_DateTime::getTimestamp() should either be compatible with DateTime::getTimestamp(): int, or the #[\\ReturnTypeWillChange] attribute should be used to temporarily suppress the notice","file":"C:\\xampp\\htdocs\\Tradedoubter-PVN\\wp-content\\plugins\\wp-mail-smtp\\vendor\\woocommerce\\action-scheduler\\classes\\ActionScheduler_DateTime.php","line":27}

Dec 05 2022 12:37:59
{"type":8192,"message":"Return type of ActionScheduler_DateTime::getTimestamp() should either be compatible with DateTime::getTimestamp(): int, or the #[\\ReturnTypeWillChange] attribute should be used to temporarily suppress the notice","file":"C:\\xampp\\htdocs\\Tradedoubter-PVN\\wp-content\\plugins\\wp-mail-smtp\\vendor\\woocommerce\\action-scheduler\\classes\\ActionScheduler_DateTime.php","line":27}

Dec 05 2022 12:38:00
{"type":8192,"message":"Return type of ActionScheduler_DateTime::getTimestamp() should either be compatible with DateTime::getTimestamp(): int, or the #[\\ReturnTypeWillChange] attribute should be used to temporarily suppress the notice","file":"C:\\xampp\\htdocs\\Tradedoubter-PVN\\wp-content\\plugins\\wp-mail-smtp\\vendor\\woocommerce\\action-scheduler\\classes\\ActionScheduler_DateTime.php","line":27}

Dec 05 2022 12:38:00
{"type":8192,"message":"Return type of ActionScheduler_DateTime::getTimestamp() should either be compatible with DateTime::getTimestamp(): int, or the #[\\ReturnTypeWillChange] attribute should be used to temporarily suppress the notice","file":"C:\\xampp\\htdocs\\Tradedoubter-PVN\\wp-content\\plugins\\wp-mail-smtp\\vendor\\woocommerce\\action-scheduler\\classes\\ActionScheduler_DateTime.php","line":27}

Dec 05 2022 12:38:01
{"type":8192,"message":"Return type of ActionScheduler_DateTime::getTimestamp() should either be compatible with DateTime::getTimestamp(): int, or the #[\\ReturnTypeWillChange] attribute should be used to temporarily suppress the notice","file":"C:\\xampp\\htdocs\\Tradedoubter-PVN\\wp-content\\plugins\\wp-mail-smtp\\vendor\\woocommerce\\action-scheduler\\classes\\ActionScheduler_DateTime.php","line":27}

Dec 05 2022 12:38:02
{"type":8192,"message":"Return type of ActionScheduler_DateTime::getTimestamp() should either be compatible with DateTime::getTimestamp(): int, or the #[\\ReturnTypeWillChange] attribute should be used to temporarily suppress the notice","file":"C:\\xampp\\htdocs\\Tradedoubter-PVN\\wp-content\\plugins\\wp-mail-smtp\\vendor\\woocommerce\\action-scheduler\\classes\\ActionScheduler_DateTime.php","line":27}

Dec 05 2022 12:38:02
{"type":8192,"message":"Return type of ActionScheduler_DateTime::getTimestamp() should either be compatible with DateTime::getTimestamp(): int, or the #[\\ReturnTypeWillChange] attribute should be used to temporarily suppress the notice","file":"C:\\xampp\\htdocs\\Tradedoubter-PVN\\wp-content\\plugins\\wp-mail-smtp\\vendor\\woocommerce\\action-scheduler\\classes\\ActionScheduler_DateTime.php","line":27}

Dec 05 2022 12:38:03
{"type":8192,"message":"Return type of ActionScheduler_DateTime::getTimestamp() should either be compatible with DateTime::getTimestamp(): int, or the #[\\ReturnTypeWillChange] attribute should be used to temporarily suppress the notice","file":"C:\\xampp\\htdocs\\Tradedoubter-PVN\\wp-content\\plugins\\wp-mail-smtp\\vendor\\woocommerce\\action-scheduler\\classes\\ActionScheduler_DateTime.php","line":27}

Dec 05 2022 12:38:04
{"type":8192,"message":"Return type of ActionScheduler_DateTime::getTimestamp() should either be compatible with DateTime::getTimestamp(): int, or the #[\\ReturnTypeWillChange] attribute should be used to temporarily suppress the notice","file":"C:\\xampp\\htdocs\\Tradedoubter-PVN\\wp-content\\plugins\\wp-mail-smtp\\vendor\\woocommerce\\action-scheduler\\classes\\ActionScheduler_DateTime.php","line":27}

Dec 05 2022 12:38:05
{"type":8192,"message":"Return type of ActionScheduler_DateTime::getTimestamp() should either be compatible with DateTime::getTimestamp(): int, or the #[\\ReturnTypeWillChange] attribute should be used to temporarily suppress the notice","file":"C:\\xampp\\htdocs\\Tradedoubter-PVN\\wp-content\\plugins\\wp-mail-smtp\\vendor\\woocommerce\\action-scheduler\\classes\\ActionScheduler_DateTime.php","line":27}

Dec 05 2022 12:38:06
{"type":8192,"message":"Return type of ActionScheduler_DateTime::getTimestamp() should either be compatible with DateTime::getTimestamp(): int, or the #[\\ReturnTypeWillChange] attribute should be used to temporarily suppress the notice","file":"C:\\xampp\\htdocs\\Tradedoubter-PVN\\wp-content\\plugins\\wp-mail-smtp\\vendor\\woocommerce\\action-scheduler\\classes\\ActionScheduler_DateTime.php","line":27}

Dec 05 2022 12:38:06
{"type":8192,"message":"Return type of ActionScheduler_DateTime::getTimestamp() should either be compatible with DateTime::getTimestamp(): int, or the #[\\ReturnTypeWillChange] attribute should be used to temporarily suppress the notice","file":"C:\\xampp\\htdocs\\Tradedoubter-PVN\\wp-content\\plugins\\wp-mail-smtp\\vendor\\woocommerce\\action-scheduler\\classes\\ActionScheduler_DateTime.php","line":27}

Dec 05 2022 12:38:07
{"type":8192,"message":"Return type of ActionScheduler_DateTime::getTimestamp() should either be compatible with DateTime::getTimestamp(): int, or the #[\\ReturnTypeWillChange] attribute should be used to temporarily suppress the notice","file":"C:\\xampp\\htdocs\\Tradedoubter-PVN\\wp-content\\plugins\\wp-mail-smtp\\vendor\\woocommerce\\action-scheduler\\classes\\ActionScheduler_DateTime.php","line":27}

Dec 05 2022 12:38:08
{"type":8192,"message":"Return type of ActionScheduler_DateTime::getTimestamp() should either be compatible with DateTime::getTimestamp(): int, or the #[\\ReturnTypeWillChange] attribute should be used to temporarily suppress the notice","file":"C:\\xampp\\htdocs\\Tradedoubter-PVN\\wp-content\\plugins\\wp-mail-smtp\\vendor\\woocommerce\\action-scheduler\\classes\\ActionScheduler_DateTime.php","line":27}

Dec 05 2022 12:38:09
{"type":8192,"message":"Return type of ActionScheduler_DateTime::getTimestamp() should either be compatible with DateTime::getTimestamp(): int, or the #[\\ReturnTypeWillChange] attribute should be used to temporarily suppress the notice","file":"C:\\xampp\\htdocs\\Tradedoubter-PVN\\wp-content\\plugins\\wp-mail-smtp\\vendor\\woocommerce\\action-scheduler\\classes\\ActionScheduler_DateTime.php","line":27}

Dec 05 2022 12:38:10
{"type":8192,"message":"Return type of ActionScheduler_DateTime::getTimestamp() should either be compatible with DateTime::getTimestamp(): int, or the #[\\ReturnTypeWillChange] attribute should be used to temporarily suppress the notice","file":"C:\\xampp\\htdocs\\Tradedoubter-PVN\\wp-content\\plugins\\wp-mail-smtp\\vendor\\woocommerce\\action-scheduler\\classes\\ActionScheduler_DateTime.php","line":27}

Dec 05 2022 12:38:11
{"type":8192,"message":"Return type of ActionScheduler_DateTime::getTimestamp() should either be compatible with DateTime::getTimestamp(): int, or the #[\\ReturnTypeWillChange] attribute should be used to temporarily suppress the notice","file":"C:\\xampp\\htdocs\\Tradedoubter-PVN\\wp-content\\plugins\\wp-mail-smtp\\vendor\\woocommerce\\action-scheduler\\classes\\ActionScheduler_DateTime.php","line":27}

Dec 05 2022 12:38:12
{"type":8192,"message":"Return type of ActionScheduler_DateTime::getTimestamp() should either be compatible with DateTime::getTimestamp(): int, or the #[\\ReturnTypeWillChange] attribute should be used to temporarily suppress the notice","file":"C:\\xampp\\htdocs\\Tradedoubter-PVN\\wp-content\\plugins\\wp-mail-smtp\\vendor\\woocommerce\\action-scheduler\\classes\\ActionScheduler_DateTime.php","line":27}

Dec 05 2022 12:38:13
{"type":8192,"message":"Return type of ActionScheduler_DateTime::getTimestamp() should either be compatible with DateTime::getTimestamp(): int, or the #[\\ReturnTypeWillChange] attribute should be used to temporarily suppress the notice","file":"C:\\xampp\\htdocs\\Tradedoubter-PVN\\wp-content\\plugins\\wp-mail-smtp\\vendor\\woocommerce\\action-scheduler\\classes\\ActionScheduler_DateTime.php","line":27}

Dec 05 2022 12:38:13
{"type":8192,"message":"Return type of ActionScheduler_DateTime::getTimestamp() should either be compatible with DateTime::getTimestamp(): int, or the #[\\ReturnTypeWillChange] attribute should be used to temporarily suppress the notice","file":"C:\\xampp\\htdocs\\Tradedoubter-PVN\\wp-content\\plugins\\wp-mail-smtp\\vendor\\woocommerce\\action-scheduler\\classes\\ActionScheduler_DateTime.php","line":27}

Dec 05 2022 12:38:14
{"type":8192,"message":"Return type of ActionScheduler_DateTime::getTimestamp() should either be compatible with DateTime::getTimestamp(): int, or the #[\\ReturnTypeWillChange] attribute should be used to temporarily suppress the notice","file":"C:\\xampp\\htdocs\\Tradedoubter-PVN\\wp-content\\plugins\\wp-mail-smtp\\vendor\\woocommerce\\action-scheduler\\classes\\ActionScheduler_DateTime.php","line":27}

Dec 05 2022 12:38:15
{"type":8192,"message":"Return type of ActionScheduler_DateTime::getTimestamp() should either be compatible with DateTime::getTimestamp(): int, or the #[\\ReturnTypeWillChange] attribute should be used to temporarily suppress the notice","file":"C:\\xampp\\htdocs\\Tradedoubter-PVN\\wp-content\\plugins\\wp-mail-smtp\\vendor\\woocommerce\\action-scheduler\\classes\\ActionScheduler_DateTime.php","line":27}

Dec 05 2022 12:38:16
{"type":8192,"message":"Return type of ActionScheduler_DateTime::getTimestamp() should either be compatible with DateTime::getTimestamp(): int, or the #[\\ReturnTypeWillChange] attribute should be used to temporarily suppress the notice","file":"C:\\xampp\\htdocs\\Tradedoubter-PVN\\wp-content\\plugins\\wp-mail-smtp\\vendor\\woocommerce\\action-scheduler\\classes\\ActionScheduler_DateTime.php","line":27}

Dec 05 2022 12:38:17
{"type":8192,"message":"Return type of ActionScheduler_DateTime::getTimestamp() should either be compatible with DateTime::getTimestamp(): int, or the #[\\ReturnTypeWillChange] attribute should be used to temporarily suppress the notice","file":"C:\\xampp\\htdocs\\Tradedoubter-PVN\\wp-content\\plugins\\wp-mail-smtp\\vendor\\woocommerce\\action-scheduler\\classes\\ActionScheduler_DateTime.php","line":27}

Dec 05 2022 12:38:18
{"type":8192,"message":"Return type of ActionScheduler_DateTime::getTimestamp() should either be compatible with DateTime::getTimestamp(): int, or the #[\\ReturnTypeWillChange] attribute should be used to temporarily suppress the notice","file":"C:\\xampp\\htdocs\\Tradedoubter-PVN\\wp-content\\plugins\\wp-mail-smtp\\vendor\\woocommerce\\action-scheduler\\classes\\ActionScheduler_DateTime.php","line":27}

Dec 05 2022 12:38:19
{"type":8192,"message":"Return type of ActionScheduler_DateTime::getTimestamp() should either be compatible with DateTime::getTimestamp(): int, or the #[\\ReturnTypeWillChange] attribute should be used to temporarily suppress the notice","file":"C:\\xampp\\htdocs\\Tradedoubter-PVN\\wp-content\\plugins\\wp-mail-smtp\\vendor\\woocommerce\\action-scheduler\\classes\\ActionScheduler_DateTime.php","line":27}

Dec 05 2022 12:38:19
{"type":8192,"message":"Return type of ActionScheduler_DateTime::getTimestamp() should either be compatible with DateTime::getTimestamp(): int, or the #[\\ReturnTypeWillChange] attribute should be used to temporarily suppress the notice","file":"C:\\xampp\\htdocs\\Tradedoubter-PVN\\wp-content\\plugins\\wp-mail-smtp\\vendor\\woocommerce\\action-scheduler\\classes\\ActionScheduler_DateTime.php","line":27}

Dec 05 2022 12:38:20
{"type":8192,"message":"Return type of ActionScheduler_DateTime::getTimestamp() should either be compatible with DateTime::getTimestamp(): int, or the #[\\ReturnTypeWillChange] attribute should be used to temporarily suppress the notice","file":"C:\\xampp\\htdocs\\Tradedoubter-PVN\\wp-content\\plugins\\wp-mail-smtp\\vendor\\woocommerce\\action-scheduler\\classes\\ActionScheduler_DateTime.php","line":27}

Dec 05 2022 12:38:21
{"type":8192,"message":"Return type of ActionScheduler_DateTime::getTimestamp() should either be compatible with DateTime::getTimestamp(): int, or the #[\\ReturnTypeWillChange] attribute should be used to temporarily suppress the notice","file":"C:\\xampp\\htdocs\\Tradedoubter-PVN\\wp-content\\plugins\\wp-mail-smtp\\vendor\\woocommerce\\action-scheduler\\classes\\ActionScheduler_DateTime.php","line":27}

Dec 05 2022 12:38:22
{"type":8192,"message":"Return type of ActionScheduler_DateTime::getTimestamp() should either be compatible with DateTime::getTimestamp(): int, or the #[\\ReturnTypeWillChange] attribute should be used to temporarily suppress the notice","file":"C:\\xampp\\htdocs\\Tradedoubter-PVN\\wp-content\\plugins\\wp-mail-smtp\\vendor\\woocommerce\\action-scheduler\\classes\\ActionScheduler_DateTime.php","line":27}

Dec 05 2022 12:38:23
{"type":8192,"message":"Return type of ActionScheduler_DateTime::getTimestamp() should either be compatible with DateTime::getTimestamp(): int, or the #[\\ReturnTypeWillChange] attribute should be used to temporarily suppress the notice","file":"C:\\xampp\\htdocs\\Tradedoubter-PVN\\wp-content\\plugins\\wp-mail-smtp\\vendor\\woocommerce\\action-scheduler\\classes\\ActionScheduler_DateTime.php","line":27}

Dec 05 2022 12:38:24
{"type":8192,"message":"Return type of ActionScheduler_DateTime::getTimestamp() should either be compatible with DateTime::getTimestamp(): int, or the #[\\ReturnTypeWillChange] attribute should be used to temporarily suppress the notice","file":"C:\\xampp\\htdocs\\Tradedoubter-PVN\\wp-content\\plugins\\wp-mail-smtp\\vendor\\woocommerce\\action-scheduler\\classes\\ActionScheduler_DateTime.php","line":27}

Dec 05 2022 12:38:25
{"type":8192,"message":"Return type of ActionScheduler_DateTime::getTimestamp() should either be compatible with DateTime::getTimestamp(): int, or the #[\\ReturnTypeWillChange] attribute should be used to temporarily suppress the notice","file":"C:\\xampp\\htdocs\\Tradedoubter-PVN\\wp-content\\plugins\\wp-mail-smtp\\vendor\\woocommerce\\action-scheduler\\classes\\ActionScheduler_DateTime.php","line":27}

Dec 05 2022 12:38:26
{"type":8192,"message":"Return type of ActionScheduler_DateTime::getTimestamp() should either be compatible with DateTime::getTimestamp(): int, or the #[\\ReturnTypeWillChange] attribute should be used to temporarily suppress the notice","file":"C:\\xampp\\htdocs\\Tradedoubter-PVN\\wp-content\\plugins\\wp-mail-smtp\\vendor\\woocommerce\\action-scheduler\\classes\\ActionScheduler_DateTime.php","line":27}

Dec 05 2022 12:38:27
{"type":8192,"message":"Return type of ActionScheduler_DateTime::getTimestamp() should either be compatible with DateTime::getTimestamp(): int, or the #[\\ReturnTypeWillChange] attribute should be used to temporarily suppress the notice","file":"C:\\xampp\\htdocs\\Tradedoubter-PVN\\wp-content\\plugins\\wp-mail-smtp\\vendor\\woocommerce\\action-scheduler\\classes\\ActionScheduler_DateTime.php","line":27}

Dec 05 2022 12:38:28
{"type":8192,"message":"Return type of ActionScheduler_DateTime::getTimestamp() should either be compatible with DateTime::getTimestamp(): int, or the #[\\ReturnTypeWillChange] attribute should be used to temporarily suppress the notice","file":"C:\\xampp\\htdocs\\Tradedoubter-PVN\\wp-content\\plugins\\wp-mail-smtp\\vendor\\woocommerce\\action-scheduler\\classes\\ActionScheduler_DateTime.php","line":27}

Dec 05 2022 12:38:28
{"type":8192,"message":"Return type of ActionScheduler_DateTime::getTimestamp() should either be compatible with DateTime::getTimestamp(): int, or the #[\\ReturnTypeWillChange] attribute should be used to temporarily suppress the notice","file":"C:\\xampp\\htdocs\\Tradedoubter-PVN\\wp-content\\plugins\\wp-mail-smtp\\vendor\\woocommerce\\action-scheduler\\classes\\ActionScheduler_DateTime.php","line":27}

Dec 05 2022 12:38:30
{"type":8192,"message":"Return type of ActionScheduler_DateTime::getTimestamp() should either be compatible with DateTime::getTimestamp(): int, or the #[\\ReturnTypeWillChange] attribute should be used to temporarily suppress the notice","file":"C:\\xampp\\htdocs\\Tradedoubter-PVN\\wp-content\\plugins\\wp-mail-smtp\\vendor\\woocommerce\\action-scheduler\\classes\\ActionScheduler_DateTime.php","line":27}

Dec 05 2022 12:38:30
{"type":8192,"message":"Return type of ActionScheduler_DateTime::getTimestamp() should either be compatible with DateTime::getTimestamp(): int, or the #[\\ReturnTypeWillChange] attribute should be used to temporarily suppress the notice","file":"C:\\xampp\\htdocs\\Tradedoubter-PVN\\wp-content\\plugins\\wp-mail-smtp\\vendor\\woocommerce\\action-scheduler\\classes\\ActionScheduler_DateTime.php","line":27}

Dec 05 2022 12:38:31
{"type":8192,"message":"Return type of ActionScheduler_DateTime::getTimestamp() should either be compatible with DateTime::getTimestamp(): int, or the #[\\ReturnTypeWillChange] attribute should be used to temporarily suppress the notice","file":"C:\\xampp\\htdocs\\Tradedoubter-PVN\\wp-content\\plugins\\wp-mail-smtp\\vendor\\woocommerce\\action-scheduler\\classes\\ActionScheduler_DateTime.php","line":27}

Dec 05 2022 12:38:32
{"type":8192,"message":"Return type of ActionScheduler_DateTime::getTimestamp() should either be compatible with DateTime::getTimestamp(): int, or the #[\\ReturnTypeWillChange] attribute should be used to temporarily suppress the notice","file":"C:\\xampp\\htdocs\\Tradedoubter-PVN\\wp-content\\plugins\\wp-mail-smtp\\vendor\\woocommerce\\action-scheduler\\classes\\ActionScheduler_DateTime.php","line":27}

Dec 05 2022 12:38:33
{"type":8192,"message":"Return type of ActionScheduler_DateTime::getTimestamp() should either be compatible with DateTime::getTimestamp(): int, or the #[\\ReturnTypeWillChange] attribute should be used to temporarily suppress the notice","file":"C:\\xampp\\htdocs\\Tradedoubter-PVN\\wp-content\\plugins\\wp-mail-smtp\\vendor\\woocommerce\\action-scheduler\\classes\\ActionScheduler_DateTime.php","line":27}

Dec 05 2022 12:38:34
{"type":8192,"message":"Return type of ActionScheduler_DateTime::getTimestamp() should either be compatible with DateTime::getTimestamp(): int, or the #[\\ReturnTypeWillChange] attribute should be used to temporarily suppress the notice","file":"C:\\xampp\\htdocs\\Tradedoubter-PVN\\wp-content\\plugins\\wp-mail-smtp\\vendor\\woocommerce\\action-scheduler\\classes\\ActionScheduler_DateTime.php","line":27}

Dec 05 2022 12:38:35
{"type":8192,"message":"Return type of ActionScheduler_DateTime::getTimestamp() should either be compatible with DateTime::getTimestamp(): int, or the #[\\ReturnTypeWillChange] attribute should be used to temporarily suppress the notice","file":"C:\\xampp\\htdocs\\Tradedoubter-PVN\\wp-content\\plugins\\wp-mail-smtp\\vendor\\woocommerce\\action-scheduler\\classes\\ActionScheduler_DateTime.php","line":27}

Dec 05 2022 12:38:36
{"type":8192,"message":"Return type of Requests_Utility_CaseInsensitiveDictionary::getIterator() should either be compatible with IteratorAggregate::getIterator(): Traversable, or the #[\\ReturnTypeWillChange] attribute should be used to temporarily suppress the notice","file":"C:\\xampp\\htdocs\\Tradedoubter-PVN\\wp-includes\\Requests\\Utility\\CaseInsensitiveDictionary.php","line":91}

Dec 05 2022 12:38:37
{"type":8192,"message":"Return type of ActionScheduler_DateTime::getTimestamp() should either be compatible with DateTime::getTimestamp(): int, or the #[\\ReturnTypeWillChange] attribute should be used to temporarily suppress the notice","file":"C:\\xampp\\htdocs\\Tradedoubter-PVN\\wp-content\\plugins\\wp-mail-smtp\\vendor\\woocommerce\\action-scheduler\\classes\\ActionScheduler_DateTime.php","line":27}

Dec 05 2022 12:38:38
{"type":8192,"message":"Return type of ActionScheduler_DateTime::getTimestamp() should either be compatible with DateTime::getTimestamp(): int, or the #[\\ReturnTypeWillChange] attribute should be used to temporarily suppress the notice","file":"C:\\xampp\\htdocs\\Tradedoubter-PVN\\wp-content\\plugins\\wp-mail-smtp\\vendor\\woocommerce\\action-scheduler\\classes\\ActionScheduler_DateTime.php","line":27}

Dec 05 2022 12:38:39
{"type":8192,"message":"Return type of ActionScheduler_DateTime::getTimestamp() should either be compatible with DateTime::getTimestamp(): int, or the #[\\ReturnTypeWillChange] attribute should be used to temporarily suppress the notice","file":"C:\\xampp\\htdocs\\Tradedoubter-PVN\\wp-content\\plugins\\wp-mail-smtp\\vendor\\woocommerce\\action-scheduler\\classes\\ActionScheduler_DateTime.php","line":27}

Dec 05 2022 12:38:40
{"type":8192,"message":"Return type of ActionScheduler_DateTime::getTimestamp() should either be compatible with DateTime::getTimestamp(): int, or the #[\\ReturnTypeWillChange] attribute should be used to temporarily suppress the notice","file":"C:\\xampp\\htdocs\\Tradedoubter-PVN\\wp-content\\plugins\\wp-mail-smtp\\vendor\\woocommerce\\action-scheduler\\classes\\ActionScheduler_DateTime.php","line":27}

Dec 05 2022 12:38:40
{"type":8192,"message":"Return type of ActionScheduler_DateTime::getTimestamp() should either be compatible with DateTime::getTimestamp(): int, or the #[\\ReturnTypeWillChange] attribute should be used to temporarily suppress the notice","file":"C:\\xampp\\htdocs\\Tradedoubter-PVN\\wp-content\\plugins\\wp-mail-smtp\\vendor\\woocommerce\\action-scheduler\\classes\\ActionScheduler_DateTime.php","line":27}

Dec 05 2022 12:38:41
{"type":8192,"message":"Return type of ActionScheduler_DateTime::getTimestamp() should either be compatible with DateTime::getTimestamp(): int, or the #[\\ReturnTypeWillChange] attribute should be used to temporarily suppress the notice","file":"C:\\xampp\\htdocs\\Tradedoubter-PVN\\wp-content\\plugins\\wp-mail-smtp\\vendor\\woocommerce\\action-scheduler\\classes\\ActionScheduler_DateTime.php","line":27}

Dec 05 2022 12:38:42
{"type":8192,"message":"Return type of ActionScheduler_DateTime::getTimestamp() should either be compatible with DateTime::getTimestamp(): int, or the #[\\ReturnTypeWillChange] attribute should be used to temporarily suppress the notice","file":"C:\\xampp\\htdocs\\Tradedoubter-PVN\\wp-content\\plugins\\wp-mail-smtp\\vendor\\woocommerce\\action-scheduler\\classes\\ActionScheduler_DateTime.php","line":27}

Dec 05 2022 12:38:43
{"type":8192,"message":"Return type of ActionScheduler_DateTime::getTimestamp() should either be compatible with DateTime::getTimestamp(): int, or the #[\\ReturnTypeWillChange] attribute should be used to temporarily suppress the notice","file":"C:\\xampp\\htdocs\\Tradedoubter-PVN\\wp-content\\plugins\\wp-mail-smtp\\vendor\\woocommerce\\action-scheduler\\classes\\ActionScheduler_DateTime.php","line":27}

Dec 05 2022 12:38:43
{"type":8192,"message":"Return type of ActionScheduler_DateTime::getTimestamp() should either be compatible with DateTime::getTimestamp(): int, or the #[\\ReturnTypeWillChange] attribute should be used to temporarily suppress the notice","file":"C:\\xampp\\htdocs\\Tradedoubter-PVN\\wp-content\\plugins\\wp-mail-smtp\\vendor\\woocommerce\\action-scheduler\\classes\\ActionScheduler_DateTime.php","line":27}

Dec 05 2022 12:38:44
{"type":8192,"message":"Return type of ActionScheduler_DateTime::getTimestamp() should either be compatible with DateTime::getTimestamp(): int, or the #[\\ReturnTypeWillChange] attribute should be used to temporarily suppress the notice","file":"C:\\xampp\\htdocs\\Tradedoubter-PVN\\wp-content\\plugins\\wp-mail-smtp\\vendor\\woocommerce\\action-scheduler\\classes\\ActionScheduler_DateTime.php","line":27}

Dec 05 2022 12:38:45
{"type":8192,"message":"Return type of ActionScheduler_DateTime::getTimestamp() should either be compatible with DateTime::getTimestamp(): int, or the #[\\ReturnTypeWillChange] attribute should be used to temporarily suppress the notice","file":"C:\\xampp\\htdocs\\Tradedoubter-PVN\\wp-content\\plugins\\wp-mail-smtp\\vendor\\woocommerce\\action-scheduler\\classes\\ActionScheduler_DateTime.php","line":27}

Dec 05 2022 12:38:46
{"type":8192,"message":"Return type of ActionScheduler_DateTime::getTimestamp() should either be compatible with DateTime::getTimestamp(): int, or the #[\\ReturnTypeWillChange] attribute should be used to temporarily suppress the notice","file":"C:\\xampp\\htdocs\\Tradedoubter-PVN\\wp-content\\plugins\\wp-mail-smtp\\vendor\\woocommerce\\action-scheduler\\classes\\ActionScheduler_DateTime.php","line":27}

Dec 05 2022 12:38:47
{"type":8192,"message":"Return type of ActionScheduler_DateTime::getTimestamp() should either be compatible with DateTime::getTimestamp(): int, or the #[\\ReturnTypeWillChange] attribute should be used to temporarily suppress the notice","file":"C:\\xampp\\htdocs\\Tradedoubter-PVN\\wp-content\\plugins\\wp-mail-smtp\\vendor\\woocommerce\\action-scheduler\\classes\\ActionScheduler_DateTime.php","line":27}

Dec 05 2022 12:38:47
{"type":8192,"message":"Return type of ActionScheduler_DateTime::getTimestamp() should either be compatible with DateTime::getTimestamp(): int, or the #[\\ReturnTypeWillChange] attribute should be used to temporarily suppress the notice","file":"C:\\xampp\\htdocs\\Tradedoubter-PVN\\wp-content\\plugins\\wp-mail-smtp\\vendor\\woocommerce\\action-scheduler\\classes\\ActionScheduler_DateTime.php","line":27}

Dec 05 2022 12:38:48
{"type":8192,"message":"Return type of ActionScheduler_DateTime::getTimestamp() should either be compatible with DateTime::getTimestamp(): int, or the #[\\ReturnTypeWillChange] attribute should be used to temporarily suppress the notice","file":"C:\\xampp\\htdocs\\Tradedoubter-PVN\\wp-content\\plugins\\wp-mail-smtp\\vendor\\woocommerce\\action-scheduler\\classes\\ActionScheduler_DateTime.php","line":27}

Dec 05 2022 12:38:49
{"type":8192,"message":"Return type of ActionScheduler_DateTime::getTimestamp() should either be compatible with DateTime::getTimestamp(): int, or the #[\\ReturnTypeWillChange] attribute should be used to temporarily suppress the notice","file":"C:\\xampp\\htdocs\\Tradedoubter-PVN\\wp-content\\plugins\\wp-mail-smtp\\vendor\\woocommerce\\action-scheduler\\classes\\ActionScheduler_DateTime.php","line":27}

Dec 05 2022 12:38:50
{"type":8192,"message":"Return type of ActionScheduler_DateTime::getTimestamp() should either be compatible with DateTime::getTimestamp(): int, or the #[\\ReturnTypeWillChange] attribute should be used to temporarily suppress the notice","file":"C:\\xampp\\htdocs\\Tradedoubter-PVN\\wp-content\\plugins\\wp-mail-smtp\\vendor\\woocommerce\\action-scheduler\\classes\\ActionScheduler_DateTime.php","line":27}

Dec 05 2022 12:38:51
{"type":8192,"message":"Return type of ActionScheduler_DateTime::getTimestamp() should either be compatible with DateTime::getTimestamp(): int, or the #[\\ReturnTypeWillChange] attribute should be used to temporarily suppress the notice","file":"C:\\xampp\\htdocs\\Tradedoubter-PVN\\wp-content\\plugins\\wp-mail-smtp\\vendor\\woocommerce\\action-scheduler\\classes\\ActionScheduler_DateTime.php","line":27}

Dec 05 2022 12:38:51
{"type":8192,"message":"Return type of ActionScheduler_DateTime::getTimestamp() should either be compatible with DateTime::getTimestamp(): int, or the #[\\ReturnTypeWillChange] attribute should be used to temporarily suppress the notice","file":"C:\\xampp\\htdocs\\Tradedoubter-PVN\\wp-content\\plugins\\wp-mail-smtp\\vendor\\woocommerce\\action-scheduler\\classes\\ActionScheduler_DateTime.php","line":27}

Dec 05 2022 12:38:52
{"type":8192,"message":"Return type of ActionScheduler_DateTime::getTimestamp() should either be compatible with DateTime::getTimestamp(): int, or the #[\\ReturnTypeWillChange] attribute should be used to temporarily suppress the notice","file":"C:\\xampp\\htdocs\\Tradedoubter-PVN\\wp-content\\plugins\\wp-mail-smtp\\vendor\\woocommerce\\action-scheduler\\classes\\ActionScheduler_DateTime.php","line":27}

Dec 05 2022 12:38:53
{"type":8192,"message":"Return type of ActionScheduler_DateTime::getTimestamp() should either be compatible with DateTime::getTimestamp(): int, or the #[\\ReturnTypeWillChange] attribute should be used to temporarily suppress the notice","file":"C:\\xampp\\htdocs\\Tradedoubter-PVN\\wp-content\\plugins\\wp-mail-smtp\\vendor\\woocommerce\\action-scheduler\\classes\\ActionScheduler_DateTime.php","line":27}

Dec 05 2022 12:38:54
{"Number":8192,"Message":"DateTime::__construct(): Passing null to parameter #1 ($datetime) of type string is deprecated","File":"C:\\xampp\\htdocs\\Tradedoubter-PVN\\wp-content\\plugins\\wp-mail-smtp\\vendor\\woocommerce\\action-scheduler\\functions.php","Line":272}

Dec 05 2022 12:38:54
{"type":8192,"message":"Return type of ActionScheduler_DateTime::getTimestamp() should either be compatible with DateTime::getTimestamp(): int, or the #[\\ReturnTypeWillChange] attribute should be used to temporarily suppress the notice","file":"C:\\xampp\\htdocs\\Tradedoubter-PVN\\wp-content\\plugins\\wp-mail-smtp\\vendor\\woocommerce\\action-scheduler\\classes\\ActionScheduler_DateTime.php","line":27}

Dec 05 2022 12:38:55
{"type":8192,"message":"Return type of ActionScheduler_DateTime::getTimestamp() should either be compatible with DateTime::getTimestamp(): int, or the #[\\ReturnTypeWillChange] attribute should be used to temporarily suppress the notice","file":"C:\\xampp\\htdocs\\Tradedoubter-PVN\\wp-content\\plugins\\wp-mail-smtp\\vendor\\woocommerce\\action-scheduler\\classes\\ActionScheduler_DateTime.php","line":27}

Dec 05 2022 12:38:56
{"type":8192,"message":"Return type of ActionScheduler_DateTime::getTimestamp() should either be compatible with DateTime::getTimestamp(): int, or the #[\\ReturnTypeWillChange] attribute should be used to temporarily suppress the notice","file":"C:\\xampp\\htdocs\\Tradedoubter-PVN\\wp-content\\plugins\\wp-mail-smtp\\vendor\\woocommerce\\action-scheduler\\classes\\ActionScheduler_DateTime.php","line":27}

Dec 05 2022 12:38:57
{"type":8192,"message":"Return type of ActionScheduler_DateTime::getTimestamp() should either be compatible with DateTime::getTimestamp(): int, or the #[\\ReturnTypeWillChange] attribute should be used to temporarily suppress the notice","file":"C:\\xampp\\htdocs\\Tradedoubter-PVN\\wp-content\\plugins\\wp-mail-smtp\\vendor\\woocommerce\\action-scheduler\\classes\\ActionScheduler_DateTime.php","line":27}

Dec 05 2022 12:38:58
{"type":8192,"message":"Return type of ActionScheduler_DateTime::getTimestamp() should either be compatible with DateTime::getTimestamp(): int, or the #[\\ReturnTypeWillChange] attribute should be used to temporarily suppress the notice","file":"C:\\xampp\\htdocs\\Tradedoubter-PVN\\wp-content\\plugins\\wp-mail-smtp\\vendor\\woocommerce\\action-scheduler\\classes\\ActionScheduler_DateTime.php","line":27}

Dec 05 2022 12:38:59
{"type":8192,"message":"Return type of ActionScheduler_DateTime::getTimestamp() should either be compatible with DateTime::getTimestamp(): int, or the #[\\ReturnTypeWillChange] attribute should be used to temporarily suppress the notice","file":"C:\\xampp\\htdocs\\Tradedoubter-PVN\\wp-content\\plugins\\wp-mail-smtp\\vendor\\woocommerce\\action-scheduler\\classes\\ActionScheduler_DateTime.php","line":27}

Dec 05 2022 12:38:59
{"type":8192,"message":"Return type of ActionScheduler_DateTime::getTimestamp() should either be compatible with DateTime::getTimestamp(): int, or the #[\\ReturnTypeWillChange] attribute should be used to temporarily suppress the notice","file":"C:\\xampp\\htdocs\\Tradedoubter-PVN\\wp-content\\plugins\\wp-mail-smtp\\vendor\\woocommerce\\action-scheduler\\classes\\ActionScheduler_DateTime.php","line":27}

Dec 05 2022 12:39:00
{"type":8192,"message":"Return type of ActionScheduler_DateTime::getTimestamp() should either be compatible with DateTime::getTimestamp(): int, or the #[\\ReturnTypeWillChange] attribute should be used to temporarily suppress the notice","file":"C:\\xampp\\htdocs\\Tradedoubter-PVN\\wp-content\\plugins\\wp-mail-smtp\\vendor\\woocommerce\\action-scheduler\\classes\\ActionScheduler_DateTime.php","line":27}

Dec 05 2022 12:39:01
{"type":8192,"message":"Return type of ActionScheduler_DateTime::getTimestamp() should either be compatible with DateTime::getTimestamp(): int, or the #[\\ReturnTypeWillChange] attribute should be used to temporarily suppress the notice","file":"C:\\xampp\\htdocs\\Tradedoubter-PVN\\wp-content\\plugins\\wp-mail-smtp\\vendor\\woocommerce\\action-scheduler\\classes\\ActionScheduler_DateTime.php","line":27}

Dec 05 2022 12:39:02
{"type":8192,"message":"Return type of ActionScheduler_DateTime::getTimestamp() should either be compatible with DateTime::getTimestamp(): int, or the #[\\ReturnTypeWillChange] attribute should be used to temporarily suppress the notice","file":"C:\\xampp\\htdocs\\Tradedoubter-PVN\\wp-content\\plugins\\wp-mail-smtp\\vendor\\woocommerce\\action-scheduler\\classes\\ActionScheduler_DateTime.php","line":27}

Dec 05 2022 12:39:02
{"type":8192,"message":"Return type of ActionScheduler_DateTime::getTimestamp() should either be compatible with DateTime::getTimestamp(): int, or the #[\\ReturnTypeWillChange] attribute should be used to temporarily suppress the notice","file":"C:\\xampp\\htdocs\\Tradedoubter-PVN\\wp-content\\plugins\\wp-mail-smtp\\vendor\\woocommerce\\action-scheduler\\classes\\ActionScheduler_DateTime.php","line":27}

Dec 05 2022 12:39:03
{"type":8192,"message":"Return type of ActionScheduler_DateTime::getTimestamp() should either be compatible with DateTime::getTimestamp(): int, or the #[\\ReturnTypeWillChange] attribute should be used to temporarily suppress the notice","file":"C:\\xampp\\htdocs\\Tradedoubter-PVN\\wp-content\\plugins\\wp-mail-smtp\\vendor\\woocommerce\\action-scheduler\\classes\\ActionScheduler_DateTime.php","line":27}

Dec 05 2022 12:39:04
{"type":8192,"message":"Return type of ActionScheduler_DateTime::getTimestamp() should either be compatible with DateTime::getTimestamp(): int, or the #[\\ReturnTypeWillChange] attribute should be used to temporarily suppress the notice","file":"C:\\xampp\\htdocs\\Tradedoubter-PVN\\wp-content\\plugins\\wp-mail-smtp\\vendor\\woocommerce\\action-scheduler\\classes\\ActionScheduler_DateTime.php","line":27}

Dec 05 2022 12:39:05
{"type":8192,"message":"Return type of ActionScheduler_DateTime::getTimestamp() should either be compatible with DateTime::getTimestamp(): int, or the #[\\ReturnTypeWillChange] attribute should be used to temporarily suppress the notice","file":"C:\\xampp\\htdocs\\Tradedoubter-PVN\\wp-content\\plugins\\wp-mail-smtp\\vendor\\woocommerce\\action-scheduler\\classes\\ActionScheduler_DateTime.php","line":27}

Dec 05 2022 12:39:05
{"type":8192,"message":"Return type of ActionScheduler_DateTime::getTimestamp() should either be compatible with DateTime::getTimestamp(): int, or the #[\\ReturnTypeWillChange] attribute should be used to temporarily suppress the notice","file":"C:\\xampp\\htdocs\\Tradedoubter-PVN\\wp-content\\plugins\\wp-mail-smtp\\vendor\\woocommerce\\action-scheduler\\classes\\ActionScheduler_DateTime.php","line":27}

Dec 05 2022 12:39:06
{"type":8192,"message":"Return type of ActionScheduler_DateTime::getTimestamp() should either be compatible with DateTime::getTimestamp(): int, or the #[\\ReturnTypeWillChange] attribute should be used to temporarily suppress the notice","file":"C:\\xampp\\htdocs\\Tradedoubter-PVN\\wp-content\\plugins\\wp-mail-smtp\\vendor\\woocommerce\\action-scheduler\\classes\\ActionScheduler_DateTime.php","line":27}

Dec 05 2022 12:39:07
{"type":8192,"message":"Return type of ActionScheduler_DateTime::getTimestamp() should either be compatible with DateTime::getTimestamp(): int, or the #[\\ReturnTypeWillChange] attribute should be used to temporarily suppress the notice","file":"C:\\xampp\\htdocs\\Tradedoubter-PVN\\wp-content\\plugins\\wp-mail-smtp\\vendor\\woocommerce\\action-scheduler\\classes\\ActionScheduler_DateTime.php","line":27}

Dec 05 2022 12:39:08
{"type":8192,"message":"Return type of ActionScheduler_DateTime::getTimestamp() should either be compatible with DateTime::getTimestamp(): int, or the #[\\ReturnTypeWillChange] attribute should be used to temporarily suppress the notice","file":"C:\\xampp\\htdocs\\Tradedoubter-PVN\\wp-content\\plugins\\wp-mail-smtp\\vendor\\woocommerce\\action-scheduler\\classes\\ActionScheduler_DateTime.php","line":27}

Dec 05 2022 12:39:08
{"type":8192,"message":"Return type of ActionScheduler_DateTime::getTimestamp() should either be compatible with DateTime::getTimestamp(): int, or the #[\\ReturnTypeWillChange] attribute should be used to temporarily suppress the notice","file":"C:\\xampp\\htdocs\\Tradedoubter-PVN\\wp-content\\plugins\\wp-mail-smtp\\vendor\\woocommerce\\action-scheduler\\classes\\ActionScheduler_DateTime.php","line":27}

Dec 05 2022 12:39:09
{"type":8192,"message":"Return type of ActionScheduler_DateTime::getTimestamp() should either be compatible with DateTime::getTimestamp(): int, or the #[\\ReturnTypeWillChange] attribute should be used to temporarily suppress the notice","file":"C:\\xampp\\htdocs\\Tradedoubter-PVN\\wp-content\\plugins\\wp-mail-smtp\\vendor\\woocommerce\\action-scheduler\\classes\\ActionScheduler_DateTime.php","line":27}

Dec 05 2022 12:39:10
{"type":8192,"message":"Return type of ActionScheduler_DateTime::getTimestamp() should either be compatible with DateTime::getTimestamp(): int, or the #[\\ReturnTypeWillChange] attribute should be used to temporarily suppress the notice","file":"C:\\xampp\\htdocs\\Tradedoubter-PVN\\wp-content\\plugins\\wp-mail-smtp\\vendor\\woocommerce\\action-scheduler\\classes\\ActionScheduler_DateTime.php","line":27}

Dec 05 2022 12:39:10
{"type":8192,"message":"Return type of ActionScheduler_DateTime::getTimestamp() should either be compatible with DateTime::getTimestamp(): int, or the #[\\ReturnTypeWillChange] attribute should be used to temporarily suppress the notice","file":"C:\\xampp\\htdocs\\Tradedoubter-PVN\\wp-content\\plugins\\wp-mail-smtp\\vendor\\woocommerce\\action-scheduler\\classes\\ActionScheduler_DateTime.php","line":27}

Dec 05 2022 12:39:11
{"type":8192,"message":"Return type of ActionScheduler_DateTime::getTimestamp() should either be compatible with DateTime::getTimestamp(): int, or the #[\\ReturnTypeWillChange] attribute should be used to temporarily suppress the notice","file":"C:\\xampp\\htdocs\\Tradedoubter-PVN\\wp-content\\plugins\\wp-mail-smtp\\vendor\\woocommerce\\action-scheduler\\classes\\ActionScheduler_DateTime.php","line":27}

Dec 05 2022 12:39:12
{"type":8192,"message":"Return type of ActionScheduler_DateTime::getTimestamp() should either be compatible with DateTime::getTimestamp(): int, or the #[\\ReturnTypeWillChange] attribute should be used to temporarily suppress the notice","file":"C:\\xampp\\htdocs\\Tradedoubter-PVN\\wp-content\\plugins\\wp-mail-smtp\\vendor\\woocommerce\\action-scheduler\\classes\\ActionScheduler_DateTime.php","line":27}

Dec 05 2022 12:39:13
{"type":8192,"message":"Return type of ActionScheduler_DateTime::getTimestamp() should either be compatible with DateTime::getTimestamp(): int, or the #[\\ReturnTypeWillChange] attribute should be used to temporarily suppress the notice","file":"C:\\xampp\\htdocs\\Tradedoubter-PVN\\wp-content\\plugins\\wp-mail-smtp\\vendor\\woocommerce\\action-scheduler\\classes\\ActionScheduler_DateTime.php","line":27}

Dec 05 2022 12:39:14
{"type":8192,"message":"Return type of ActionScheduler_DateTime::getTimestamp() should either be compatible with DateTime::getTimestamp(): int, or the #[\\ReturnTypeWillChange] attribute should be used to temporarily suppress the notice","file":"C:\\xampp\\htdocs\\Tradedoubter-PVN\\wp-content\\plugins\\wp-mail-smtp\\vendor\\woocommerce\\action-scheduler\\classes\\ActionScheduler_DateTime.php","line":27}

Dec 05 2022 12:39:15
{"type":8192,"message":"Return type of ActionScheduler_DateTime::getTimestamp() should either be compatible with DateTime::getTimestamp(): int, or the #[\\ReturnTypeWillChange] attribute should be used to temporarily suppress the notice","file":"C:\\xampp\\htdocs\\Tradedoubter-PVN\\wp-content\\plugins\\wp-mail-smtp\\vendor\\woocommerce\\action-scheduler\\classes\\ActionScheduler_DateTime.php","line":27}

Dec 05 2022 12:39:17
{"type":8192,"message":"Return type of ActionScheduler_DateTime::getTimestamp() should either be compatible with DateTime::getTimestamp(): int, or the #[\\ReturnTypeWillChange] attribute should be used to temporarily suppress the notice","file":"C:\\xampp\\htdocs\\Tradedoubter-PVN\\wp-content\\plugins\\wp-mail-smtp\\vendor\\woocommerce\\action-scheduler\\classes\\ActionScheduler_DateTime.php","line":27}

Dec 05 2022 12:39:18
{"type":8192,"message":"Return type of ActionScheduler_DateTime::getTimestamp() should either be compatible with DateTime::getTimestamp(): int, or the #[\\ReturnTypeWillChange] attribute should be used to temporarily suppress the notice","file":"C:\\xampp\\htdocs\\Tradedoubter-PVN\\wp-content\\plugins\\wp-mail-smtp\\vendor\\woocommerce\\action-scheduler\\classes\\ActionScheduler_DateTime.php","line":27}

Dec 05 2022 12:39:19
{"type":8192,"message":"Return type of ActionScheduler_DateTime::getTimestamp() should either be compatible with DateTime::getTimestamp(): int, or the #[\\ReturnTypeWillChange] attribute should be used to temporarily suppress the notice","file":"C:\\xampp\\htdocs\\Tradedoubter-PVN\\wp-content\\plugins\\wp-mail-smtp\\vendor\\woocommerce\\action-scheduler\\classes\\ActionScheduler_DateTime.php","line":27}

Dec 05 2022 12:39:21
{"type":8192,"message":"Return type of ActionScheduler_DateTime::getTimestamp() should either be compatible with DateTime::getTimestamp(): int, or the #[\\ReturnTypeWillChange] attribute should be used to temporarily suppress the notice","file":"C:\\xampp\\htdocs\\Tradedoubter-PVN\\wp-content\\plugins\\wp-mail-smtp\\vendor\\woocommerce\\action-scheduler\\classes\\ActionScheduler_DateTime.php","line":27}

Dec 05 2022 12:39:24
{"type":8192,"message":"Return type of ActionScheduler_DateTime::getTimestamp() should either be compatible with DateTime::getTimestamp(): int, or the #[\\ReturnTypeWillChange] attribute should be used to temporarily suppress the notice","file":"C:\\xampp\\htdocs\\Tradedoubter-PVN\\wp-content\\plugins\\wp-mail-smtp\\vendor\\woocommerce\\action-scheduler\\classes\\ActionScheduler_DateTime.php","line":27}

Dec 05 2022 12:39:25
{"type":8192,"message":"Return type of ActionScheduler_DateTime::getTimestamp() should either be compatible with DateTime::getTimestamp(): int, or the #[\\ReturnTypeWillChange] attribute should be used to temporarily suppress the notice","file":"C:\\xampp\\htdocs\\Tradedoubter-PVN\\wp-content\\plugins\\wp-mail-smtp\\vendor\\woocommerce\\action-scheduler\\classes\\ActionScheduler_DateTime.php","line":27}

Dec 05 2022 12:39:33
{"type":8192,"message":"Return type of ActionScheduler_DateTime::getTimestamp() should either be compatible with DateTime::getTimestamp(): int, or the #[\\ReturnTypeWillChange] attribute should be used to temporarily suppress the notice","file":"C:\\xampp\\htdocs\\Tradedoubter-PVN\\wp-content\\plugins\\wp-mail-smtp\\vendor\\woocommerce\\action-scheduler\\classes\\ActionScheduler_DateTime.php","line":27}

Dec 05 2022 12:39:34
{"type":8192,"message":"Return type of ActionScheduler_DateTime::getTimestamp() should either be compatible with DateTime::getTimestamp(): int, or the #[\\ReturnTypeWillChange] attribute should be used to temporarily suppress the notice","file":"C:\\xampp\\htdocs\\Tradedoubter-PVN\\wp-content\\plugins\\wp-mail-smtp\\vendor\\woocommerce\\action-scheduler\\classes\\ActionScheduler_DateTime.php","line":27}

Dec 05 2022 12:39:46
{"type":8192,"message":"Return type of Requests_Utility_CaseInsensitiveDictionary::getIterator() should either be compatible with IteratorAggregate::getIterator(): Traversable, or the #[\\ReturnTypeWillChange] attribute should be used to temporarily suppress the notice","file":"C:\\xampp\\htdocs\\Tradedoubter-PVN\\wp-includes\\Requests\\Utility\\CaseInsensitiveDictionary.php","line":91}

Dec 05 2022 12:39:59
{"Number":8192,"Message":"DateTime::__construct(): Passing null to parameter #1 ($datetime) of type string is deprecated","File":"C:\\xampp\\htdocs\\Tradedoubter-PVN\\wp-content\\plugins\\wp-mail-smtp\\vendor\\woocommerce\\action-scheduler\\functions.php","Line":272}

Dec 05 2022 12:39:59
{"type":8192,"message":"Return type of ActionScheduler_DateTime::getTimestamp() should either be compatible with DateTime::getTimestamp(): int, or the #[\\ReturnTypeWillChange] attribute should be used to temporarily suppress the notice","file":"C:\\xampp\\htdocs\\Tradedoubter-PVN\\wp-content\\plugins\\wp-mail-smtp\\vendor\\woocommerce\\action-scheduler\\classes\\ActionScheduler_DateTime.php","line":27}

Dec 05 2022 12:40:10
{"type":8192,"message":"Return type of ActionScheduler_DateTime::getTimestamp() should either be compatible with DateTime::getTimestamp(): int, or the #[\\ReturnTypeWillChange] attribute should be used to temporarily suppress the notice","file":"C:\\xampp\\htdocs\\Tradedoubter-PVN\\wp-content\\plugins\\wp-mail-smtp\\vendor\\woocommerce\\action-scheduler\\classes\\ActionScheduler_DateTime.php","line":27}

Dec 05 2022 12:40:21
{"type":8192,"message":"Return type of ActionScheduler_DateTime::getTimestamp() should either be compatible with DateTime::getTimestamp(): int, or the #[\\ReturnTypeWillChange] attribute should be used to temporarily suppress the notice","file":"C:\\xampp\\htdocs\\Tradedoubter-PVN\\wp-content\\plugins\\wp-mail-smtp\\vendor\\woocommerce\\action-scheduler\\classes\\ActionScheduler_DateTime.php","line":27}

Dec 05 2022 12:40:34
{"type":8192,"message":"Return type of ActionScheduler_DateTime::getTimestamp() should either be compatible with DateTime::getTimestamp(): int, or the #[\\ReturnTypeWillChange] attribute should be used to temporarily suppress the notice","file":"C:\\xampp\\htdocs\\Tradedoubter-PVN\\wp-content\\plugins\\wp-mail-smtp\\vendor\\woocommerce\\action-scheduler\\classes\\ActionScheduler_DateTime.php","line":27}

Dec 05 2022 12:40:45
{"type":8192,"message":"Return type of ActionScheduler_DateTime::getTimestamp() should either be compatible with DateTime::getTimestamp(): int, or the #[\\ReturnTypeWillChange] attribute should be used to temporarily suppress the notice","file":"C:\\xampp\\htdocs\\Tradedoubter-PVN\\wp-content\\plugins\\wp-mail-smtp\\vendor\\woocommerce\\action-scheduler\\classes\\ActionScheduler_DateTime.php","line":27}

Dec 05 2022 12:40:58
{"type":8192,"message":"Return type of ActionScheduler_DateTime::getTimestamp() should either be compatible with DateTime::getTimestamp(): int, or the #[\\ReturnTypeWillChange] attribute should be used to temporarily suppress the notice","file":"C:\\xampp\\htdocs\\Tradedoubter-PVN\\wp-content\\plugins\\wp-mail-smtp\\vendor\\woocommerce\\action-scheduler\\classes\\ActionScheduler_DateTime.php","line":27}

Dec 05 2022 12:41:09
{"Number":8192,"Message":"DateTime::__construct(): Passing null to parameter #1 ($datetime) of type string is deprecated","File":"C:\\xampp\\htdocs\\Tradedoubter-PVN\\wp-content\\plugins\\wp-mail-smtp\\vendor\\woocommerce\\action-scheduler\\functions.php","Line":272}

Dec 05 2022 12:41:09
{"type":8192,"message":"Return type of ActionScheduler_DateTime::getTimestamp() should either be compatible with DateTime::getTimestamp(): int, or the #[\\ReturnTypeWillChange] attribute should be used to temporarily suppress the notice","file":"C:\\xampp\\htdocs\\Tradedoubter-PVN\\wp-content\\plugins\\wp-mail-smtp\\vendor\\woocommerce\\action-scheduler\\classes\\ActionScheduler_DateTime.php","line":27}

Dec 05 2022 12:41:20
{"type":8192,"message":"Return type of ActionScheduler_DateTime::getTimestamp() should either be compatible with DateTime::getTimestamp(): int, or the #[\\ReturnTypeWillChange] attribute should be used to temporarily suppress the notice","file":"C:\\xampp\\htdocs\\Tradedoubter-PVN\\wp-content\\plugins\\wp-mail-smtp\\vendor\\woocommerce\\action-scheduler\\classes\\ActionScheduler_DateTime.php","line":27}

Dec 05 2022 12:41:31
{"type":8192,"message":"Return type of ActionScheduler_DateTime::getTimestamp() should either be compatible with DateTime::getTimestamp(): int, or the #[\\ReturnTypeWillChange] attribute should be used to temporarily suppress the notice","file":"C:\\xampp\\htdocs\\Tradedoubter-PVN\\wp-content\\plugins\\wp-mail-smtp\\vendor\\woocommerce\\action-scheduler\\classes\\ActionScheduler_DateTime.php","line":27}

Dec 05 2022 12:41:43
{"type":8192,"message":"Return type of ActionScheduler_DateTime::getTimestamp() should either be compatible with DateTime::getTimestamp(): int, or the #[\\ReturnTypeWillChange] attribute should be used to temporarily suppress the notice","file":"C:\\xampp\\htdocs\\Tradedoubter-PVN\\wp-content\\plugins\\wp-mail-smtp\\vendor\\woocommerce\\action-scheduler\\classes\\ActionScheduler_DateTime.php","line":27}

Dec 05 2022 12:41:53
{"type":8192,"message":"Return type of ActionScheduler_DateTime::getTimestamp() should either be compatible with DateTime::getTimestamp(): int, or the #[\\ReturnTypeWillChange] attribute should be used to temporarily suppress the notice","file":"C:\\xampp\\htdocs\\Tradedoubter-PVN\\wp-content\\plugins\\wp-mail-smtp\\vendor\\woocommerce\\action-scheduler\\classes\\ActionScheduler_DateTime.php","line":27}

Dec 05 2022 12:42:04
{"type":8192,"message":"Return type of ActionScheduler_DateTime::getTimestamp() should either be compatible with DateTime::getTimestamp(): int, or the #[\\ReturnTypeWillChange] attribute should be used to temporarily suppress the notice","file":"C:\\xampp\\htdocs\\Tradedoubter-PVN\\wp-content\\plugins\\wp-mail-smtp\\vendor\\woocommerce\\action-scheduler\\classes\\ActionScheduler_DateTime.php","line":27}

Dec 05 2022 12:42:15
{"Number":8192,"Message":"DateTime::__construct(): Passing null to parameter #1 ($datetime) of type string is deprecated","File":"C:\\xampp\\htdocs\\Tradedoubter-PVN\\wp-content\\plugins\\wp-mail-smtp\\vendor\\woocommerce\\action-scheduler\\functions.php","Line":272}

Dec 05 2022 12:42:15
{"type":8192,"message":"Return type of ActionScheduler_DateTime::getTimestamp() should either be compatible with DateTime::getTimestamp(): int, or the #[\\ReturnTypeWillChange] attribute should be used to temporarily suppress the notice","file":"C:\\xampp\\htdocs\\Tradedoubter-PVN\\wp-content\\plugins\\wp-mail-smtp\\vendor\\woocommerce\\action-scheduler\\classes\\ActionScheduler_DateTime.php","line":27}

Dec 05 2022 12:42:26
{"type":8192,"message":"Return type of ActionScheduler_DateTime::getTimestamp() should either be compatible with DateTime::getTimestamp(): int, or the #[\\ReturnTypeWillChange] attribute should be used to temporarily suppress the notice","file":"C:\\xampp\\htdocs\\Tradedoubter-PVN\\wp-content\\plugins\\wp-mail-smtp\\vendor\\woocommerce\\action-scheduler\\classes\\ActionScheduler_DateTime.php","line":27}

Dec 05 2022 12:42:37
{"type":8192,"message":"Return type of ActionScheduler_DateTime::getTimestamp() should either be compatible with DateTime::getTimestamp(): int, or the #[\\ReturnTypeWillChange] attribute should be used to temporarily suppress the notice","file":"C:\\xampp\\htdocs\\Tradedoubter-PVN\\wp-content\\plugins\\wp-mail-smtp\\vendor\\woocommerce\\action-scheduler\\classes\\ActionScheduler_DateTime.php","line":27}

Dec 05 2022 12:42:48
{"type":8192,"message":"Return type of ActionScheduler_DateTime::getTimestamp() should either be compatible with DateTime::getTimestamp(): int, or the #[\\ReturnTypeWillChange] attribute should be used to temporarily suppress the notice","file":"C:\\xampp\\htdocs\\Tradedoubter-PVN\\wp-content\\plugins\\wp-mail-smtp\\vendor\\woocommerce\\action-scheduler\\classes\\ActionScheduler_DateTime.php","line":27}

Dec 05 2022 12:42:59
{"type":8192,"message":"Return type of ActionScheduler_DateTime::getTimestamp() should either be compatible with DateTime::getTimestamp(): int, or the #[\\ReturnTypeWillChange] attribute should be used to temporarily suppress the notice","file":"C:\\xampp\\htdocs\\Tradedoubter-PVN\\wp-content\\plugins\\wp-mail-smtp\\vendor\\woocommerce\\action-scheduler\\classes\\ActionScheduler_DateTime.php","line":27}

Dec 05 2022 12:43:10
{"type":8192,"message":"Return type of ActionScheduler_DateTime::getTimestamp() should either be compatible with DateTime::getTimestamp(): int, or the #[\\ReturnTypeWillChange] attribute should be used to temporarily suppress the notice","file":"C:\\xampp\\htdocs\\Tradedoubter-PVN\\wp-content\\plugins\\wp-mail-smtp\\vendor\\woocommerce\\action-scheduler\\classes\\ActionScheduler_DateTime.php","line":27}

Dec 05 2022 12:43:17
{"Number":8192,"Message":"DateTime::__construct(): Passing null to parameter #1 ($datetime) of type string is deprecated","File":"C:\\xampp\\htdocs\\Tradedoubter-PVN\\wp-content\\plugins\\wp-mail-smtp\\vendor\\woocommerce\\action-scheduler\\functions.php","Line":272}

Dec 05 2022 12:43:17
{"type":8192,"message":"Return type of ActionScheduler_DateTime::getTimestamp() should either be compatible with DateTime::getTimestamp(): int, or the #[\\ReturnTypeWillChange] attribute should be used to temporarily suppress the notice","file":"C:\\xampp\\htdocs\\Tradedoubter-PVN\\wp-content\\plugins\\wp-mail-smtp\\vendor\\woocommerce\\action-scheduler\\classes\\ActionScheduler_DateTime.php","line":27}

Dec 05 2022 12:43:20
{"type":8192,"message":"Return type of ActionScheduler_DateTime::getTimestamp() should either be compatible with DateTime::getTimestamp(): int, or the #[\\ReturnTypeWillChange] attribute should be used to temporarily suppress the notice","file":"C:\\xampp\\htdocs\\Tradedoubter-PVN\\wp-content\\plugins\\wp-mail-smtp\\vendor\\woocommerce\\action-scheduler\\classes\\ActionScheduler_DateTime.php","line":27}

Dec 05 2022 12:43:21
{"Number":8192,"Message":"rtrim(): Passing null to parameter #1 ($string) of type string is deprecated","File":"C:\\xampp\\htdocs\\Tradedoubter-PVN\\wp-includes\\formatting.php","Line":2785}

Dec 05 2022 12:43:21
{"Number":8192,"Message":"rtrim(): Passing null to parameter #1 ($string) of type string is deprecated","File":"C:\\xampp\\htdocs\\Tradedoubter-PVN\\wp-includes\\formatting.php","Line":2785}

Dec 05 2022 12:43:21
{"Number":8192,"Message":"rtrim(): Passing null to parameter #1 ($string) of type string is deprecated","File":"C:\\xampp\\htdocs\\Tradedoubter-PVN\\wp-includes\\formatting.php","Line":2785}

Dec 05 2022 12:43:21
{"Number":8192,"Message":"rtrim(): Passing null to parameter #1 ($string) of type string is deprecated","File":"C:\\xampp\\htdocs\\Tradedoubter-PVN\\wp-includes\\formatting.php","Line":2785}

Dec 05 2022 12:43:21
{"Number":8192,"Message":"rtrim(): Passing null to parameter #1 ($string) of type string is deprecated","File":"C:\\xampp\\htdocs\\Tradedoubter-PVN\\wp-includes\\formatting.php","Line":2785}

Dec 05 2022 12:43:21
{"Number":8192,"Message":"rtrim(): Passing null to parameter #1 ($string) of type string is deprecated","File":"C:\\xampp\\htdocs\\Tradedoubter-PVN\\wp-includes\\formatting.php","Line":2785}

Dec 05 2022 12:43:21
{"Number":8192,"Message":"rtrim(): Passing null to parameter #1 ($string) of type string is deprecated","File":"C:\\xampp\\htdocs\\Tradedoubter-PVN\\wp-includes\\formatting.php","Line":2785}

Dec 05 2022 12:43:21
{"Number":8192,"Message":"rtrim(): Passing null to parameter #1 ($string) of type string is deprecated","File":"C:\\xampp\\htdocs\\Tradedoubter-PVN\\wp-includes\\formatting.php","Line":2785}

Dec 05 2022 12:43:21
{"Number":8192,"Message":"rtrim(): Passing null to parameter #1 ($string) of type string is deprecated","File":"C:\\xampp\\htdocs\\Tradedoubter-PVN\\wp-includes\\formatting.php","Line":2785}

Dec 05 2022 12:43:21
{"Number":8192,"Message":"rtrim(): Passing null to parameter #1 ($string) of type string is deprecated","File":"C:\\xampp\\htdocs\\Tradedoubter-PVN\\wp-includes\\formatting.php","Line":2785}

Dec 05 2022 12:43:21
{"Number":8192,"Message":"rtrim(): Passing null to parameter #1 ($string) of type string is deprecated","File":"C:\\xampp\\htdocs\\Tradedoubter-PVN\\wp-includes\\formatting.php","Line":2785}

Dec 05 2022 12:43:21
{"Number":8192,"Message":"rtrim(): Passing null to parameter #1 ($string) of type string is deprecated","File":"C:\\xampp\\htdocs\\Tradedoubter-PVN\\wp-includes\\formatting.php","Line":2785}

Dec 05 2022 12:43:21
{"Number":8192,"Message":"rtrim(): Passing null to parameter #1 ($string) of type string is deprecated","File":"C:\\xampp\\htdocs\\Tradedoubter-PVN\\wp-includes\\formatting.php","Line":2785}

Dec 05 2022 12:43:21
{"Number":8192,"Message":"rtrim(): Passing null to parameter #1 ($string) of type string is deprecated","File":"C:\\xampp\\htdocs\\Tradedoubter-PVN\\wp-includes\\formatting.php","Line":2785}

Dec 05 2022 12:43:21
{"Number":8192,"Message":"rtrim(): Passing null to parameter #1 ($string) of type string is deprecated","File":"C:\\xampp\\htdocs\\Tradedoubter-PVN\\wp-includes\\formatting.php","Line":2785}

Dec 05 2022 12:43:21
{"Number":8192,"Message":"rtrim(): Passing null to parameter #1 ($string) of type string is deprecated","File":"C:\\xampp\\htdocs\\Tradedoubter-PVN\\wp-includes\\formatting.php","Line":2785}

Dec 05 2022 12:43:21
{"Number":8192,"Message":"rtrim(): Passing null to parameter #1 ($string) of type string is deprecated","File":"C:\\xampp\\htdocs\\Tradedoubter-PVN\\wp-includes\\formatting.php","Line":2785}

Dec 05 2022 12:43:21
{"Number":8192,"Message":"rtrim(): Passing null to parameter #1 ($string) of type string is deprecated","File":"C:\\xampp\\htdocs\\Tradedoubter-PVN\\wp-includes\\formatting.php","Line":2785}

Dec 05 2022 12:43:22
{"Number":8192,"Message":"DateTime::__construct(): Passing null to parameter #1 ($datetime) of type string is deprecated","File":"C:\\xampp\\htdocs\\Tradedoubter-PVN\\wp-content\\plugins\\wp-mail-smtp\\vendor\\woocommerce\\action-scheduler\\functions.php","Line":272}

Dec 05 2022 12:43:22
{"type":8192,"message":"Return type of ActionScheduler_DateTime::getTimestamp() should either be compatible with DateTime::getTimestamp(): int, or the #[\\ReturnTypeWillChange] attribute should be used to temporarily suppress the notice","file":"C:\\xampp\\htdocs\\Tradedoubter-PVN\\wp-content\\plugins\\wp-mail-smtp\\vendor\\woocommerce\\action-scheduler\\classes\\ActionScheduler_DateTime.php","line":27}

Dec 05 2022 12:43:23
{"type":8192,"message":"Return type of Requests_Utility_CaseInsensitiveDictionary::getIterator() should either be compatible with IteratorAggregate::getIterator(): Traversable, or the #[\\ReturnTypeWillChange] attribute should be used to temporarily suppress the notice","file":"C:\\xampp\\htdocs\\Tradedoubter-PVN\\wp-includes\\Requests\\Utility\\CaseInsensitiveDictionary.php","line":91}

Dec 05 2022 12:43:25
{"type":8192,"message":"Return type of Requests_Utility_CaseInsensitiveDictionary::getIterator() should either be compatible with IteratorAggregate::getIterator(): Traversable, or the #[\\ReturnTypeWillChange] attribute should be used to temporarily suppress the notice","file":"C:\\xampp\\htdocs\\Tradedoubter-PVN\\wp-includes\\Requests\\Utility\\CaseInsensitiveDictionary.php","line":91}

